[debug] [2019-08-04T09:31:50.373Z] ----------------------------------------------------------------------
[debug] [2019-08-04T09:31:50.382Z] Command:       C:\Program Files\nodejs\node.exe C:\Users\SANKER\AppData\Roaming\npm\node_modules\firebase-tools\lib\bin\firebase.js init
[debug] [2019-08-04T09:31:50.382Z] CLI Version:   7.2.2
[debug] [2019-08-04T09:31:50.383Z] Platform:      win32
[debug] [2019-08-04T09:31:50.383Z] Node Version:  v11.12.0
[debug] [2019-08-04T09:31:50.387Z] Time:          Sun Aug 04 2019 15:01:50 GMT+0530 (India Standard Time)
[debug] [2019-08-04T09:31:50.387Z] ----------------------------------------------------------------------
[debug] 
[debug] [2019-08-04T09:31:50.434Z] > command requires scopes: ["email","openid","https://www.googleapis.com/auth/cloudplatformprojects.readonly","https://www.googleapis.com/auth/firebase","https://www.googleapis.com/auth/cloud-platform"]
[debug] [2019-08-04T09:31:50.438Z] > authorizing via signed-in user
[info] 
     ######## #### ########  ######## ########     ###     ######  ########
     ##        ##  ##     ## ##       ##     ##  ##   ##  ##       ##
     ######    ##  ########  ######   ########  #########  ######  ######
     ##        ##  ##    ##  ##       ##     ## ##     ##       ## ##
     ##       #### ##     ## ######## ########  ##     ##  ######  ########

You're about to initialize a Firebase project in this directory:

  C:\Users\SANKER\Documents\GitHub\MCQ-app2

[info] 
=== Project Setup
[info] 
[info] First, let's associate this project directory with a Firebase project.
[info] You can create multiple project aliases by running firebase use --add, 
[info] but for now we'll just set up a default project.
[info] 
[debug] [2019-08-04T09:32:35.537Z] > refreshing access token with scopes: ["email","https://www.googleapis.com/auth/cloud-platform","https://www.googleapis.com/auth/cloudplatformprojects.readonly","https://www.googleapis.com/auth/firebase","openid"]
[debug] [2019-08-04T09:32:35.538Z] >>> HTTP REQUEST POST https://www.googleapis.com/oauth2/v3/token  
 <request body omitted>
[debug] [2019-08-04T09:32:39.434Z] <<< HTTP RESPONSE 200
[debug] [2019-08-04T09:32:39.450Z] >>> HTTP REQUEST GET https://firebase.googleapis.com/v1beta1/projects?page_size=100  
 
[debug] [2019-08-04T09:32:41.605Z] <<< HTTP RESPONSE 200
[debug] [2019-08-04T09:33:45.665Z] ----------------------------------------------------------------------
[debug] [2019-08-04T09:33:45.672Z] Command:       C:\Program Files\nodejs\node.exe C:\Users\SANKER\AppData\Roaming\npm\node_modules\firebase-tools\lib\bin\firebase.js init
[debug] [2019-08-04T09:33:45.673Z] CLI Version:   7.2.2
[debug] [2019-08-04T09:33:45.673Z] Platform:      win32
[debug] [2019-08-04T09:33:45.673Z] Node Version:  v11.12.0
[debug] [2019-08-04T09:33:45.676Z] Time:          Sun Aug 04 2019 15:03:45 GMT+0530 (India Standard Time)
[debug] [2019-08-04T09:33:45.676Z] ----------------------------------------------------------------------
[debug] 
[debug] [2019-08-04T09:33:45.698Z] > command requires scopes: ["email","openid","https://www.googleapis.com/auth/cloudplatformprojects.readonly","https://www.googleapis.com/auth/firebase","https://www.googleapis.com/auth/cloud-platform"]
[debug] [2019-08-04T09:33:45.700Z] > authorizing via signed-in user
[info] 
     ######## #### ########  ######## ########     ###     ######  ########
     ##        ##  ##     ## ##       ##     ##  ##   ##  ##       ##
     ######    ##  ########  ######   ########  #########  ######  ######
     ##        ##  ##    ##  ##       ##     ## ##     ##       ## ##
     ##       #### ##     ## ######## ########  ##     ##  ######  ########

You're about to initialize a Firebase project in this directory:

  C:\Users\SANKER\Documents\GitHub\MCQ-app2

[info] 
=== Project Setup
[info] 
[info] First, let's associate this project directory with a Firebase project.
[info] You can create multiple project aliases by running firebase use --add, 
[info] but for now we'll just set up a default project.
[info] 
[debug] [2019-08-04T09:33:57.966Z] >>> HTTP REQUEST GET https://firebase.googleapis.com/v1beta1/projects?page_size=100  
 
[debug] [2019-08-04T09:33:59.701Z] <<< HTTP RESPONSE 200
[debug] [2019-08-05T11:58:37.615Z] ----------------------------------------------------------------------
[debug] [2019-08-05T11:58:37.653Z] Command:       C:\Program Files\nodejs\node.exe C:\Users\Sankerdas\AppData\Roaming\npm\node_modules\firebase-tools\lib\bin\firebase.js login
[debug] [2019-08-05T11:58:37.653Z] CLI Version:   7.2.2
[debug] [2019-08-05T11:58:37.653Z] Platform:      win32
[debug] [2019-08-05T11:58:37.654Z] Node Version:  v10.16.0
[debug] [2019-08-05T11:58:37.754Z] Time:          Mon Aug 05 2019 17:28:37 GMT+0530 (India Standard Time)
[debug] [2019-08-05T11:58:37.754Z] ----------------------------------------------------------------------
[debug] 
